<?xml version="1.0" encoding="UTF-8"?>
<!-- Generated by org.testng.reporters.JUnitReportReporter -->
<testsuite hostname="DESKTOP-40DQDTS" failures="0" tests="4" name="api.testcases.UserTest" time="28.416" errors="0" timestamp="2024-03-01T08:51:03 IST" skipped="0">
  <testcase classname="api.testcases.UserTest" name="testCreateUser" time="23.675"/>
  <system-out/>
  <testcase classname="api.testcases.UserTest" name="testGetUserData" time="1.257"/>
  <system-out/>
  <testcase classname="api.testcases.UserTest" name="testUpdateUser" time="2.331"/>
  <system-out/>
  <testcase classname="api.testcases.UserTest" name="testDeleteUser" time="1.153"/>
  <system-out/>
</testsuite> <!-- api.testcases.UserTest -->
